{"$message_type":"diagnostic","message":"expected one of `(`, `,`, `::`, or `=`, found `ne_from_ref`","code":null,"level":"error","spans":[{"file_name":"lore_for_collection_node\\src\\main.rs","byte_start":41,"byte_end":41,"line_start":1,"line_end":1,"column_start":42,"column_end":42,"is_primary":false,"text":[{"text":"#![feature(clone_from_ref)]#![feature(clo","highlight_start":42,"highlight_end":42}],"label":"expected one of `(`, `,`, `::`, or `=`","suggested_replacement":null,"suggestion_applicability":null,"expansion":null},{"file_name":"lore_for_collection_node\\src\\main.rs","byte_start":42,"byte_end":53,"line_start":2,"line_end":2,"column_start":1,"column_end":12,"is_primary":true,"text":[{"text":"ne_from_ref)]#![feature(clo","highlight_start":1,"highlight_end":12}],"label":"unexpected token","suggested_replacement":null,"suggestion_applicability":null,"expansion":null}],"children":[],"rendered":"\u001b[1m\u001b[91merror\u001b[0m\u001b[1m\u001b[97m: expected one of `(`, `,`, `::`, or `=`, found `ne_from_ref`\u001b[0m\n \u001b[1m\u001b[96m--> \u001b[0mlore_for_collection_node\\src\\main.rs:2:1\n  \u001b[1m\u001b[96m|\u001b[0m\n\u001b[1m\u001b[96m1\u001b[0m \u001b[1m\u001b[96m|\u001b[0m #![feature(clone_from_ref)]#![feature(clo\n  \u001b[1m\u001b[96m|\u001b[0m                                          \u001b[1m\u001b[96m-\u001b[0m \u001b[1m\u001b[96mexpected one of `(`, `,`, `::`, or `=`\u001b[0m\n\u001b[1m\u001b[96m2\u001b[0m \u001b[1m\u001b[96m|\u001b[0m ne_from_ref)]#![feature(clo\n  \u001b[1m\u001b[96m|\u001b[0m \u001b[1m\u001b[91m^^^^^^^^^^^\u001b[0m \u001b[1m\u001b[91munexpected token\u001b[0m\n\n"}
{"$message_type":"diagnostic","message":"expected one of `(`, `,`, `::`, or `=`, found `ne_from_ref`","code":null,"level":"error","spans":[{"file_name":"lore_for_collection_node\\src\\main.rs","byte_start":69,"byte_end":69,"line_start":2,"line_end":2,"column_start":28,"column_end":28,"is_primary":false,"text":[{"text":"ne_from_ref)]#![feature(clo","highlight_start":28,"highlight_end":28}],"label":"expected one of `(`, `,`, `::`, or `=`","suggested_replacement":null,"suggestion_applicability":null,"expansion":null},{"file_name":"lore_for_collection_node\\src\\main.rs","byte_start":70,"byte_end":81,"line_start":3,"line_end":3,"column_start":1,"column_end":12,"is_primary":true,"text":[{"text":"ne_from_ref)]// src/main.rs","highlight_start":1,"highlight_end":12}],"label":"unexpected token","suggested_replacement":null,"suggestion_applicability":null,"expansion":null}],"children":[],"rendered":"\u001b[1m\u001b[91merror\u001b[0m\u001b[1m\u001b[97m: expected one of `(`, `,`, `::`, or `=`, found `ne_from_ref`\u001b[0m\n \u001b[1m\u001b[96m--> \u001b[0mlore_for_collection_node\\src\\main.rs:3:1\n  \u001b[1m\u001b[96m|\u001b[0m\n\u001b[1m\u001b[96m2\u001b[0m \u001b[1m\u001b[96m|\u001b[0m ne_from_ref)]#![feature(clo\n  \u001b[1m\u001b[96m|\u001b[0m                            \u001b[1m\u001b[96m-\u001b[0m \u001b[1m\u001b[96mexpected one of `(`, `,`, `::`, or `=`\u001b[0m\n\u001b[1m\u001b[96m3\u001b[0m \u001b[1m\u001b[96m|\u001b[0m ne_from_ref)]// src/main.rs\n  \u001b[1m\u001b[96m|\u001b[0m \u001b[1m\u001b[91m^^^^^^^^^^^\u001b[0m \u001b[1m\u001b[91munexpected token\u001b[0m\n\n"}
{"$message_type":"diagnostic","message":"the trait bound `LoreNode<'f>: Clone` is not satisfied","code":{"code":"E0277","explanation":"You tried to use a type which doesn't implement some trait in a place which\nexpected that trait.\n\nErroneous code example:\n\n```compile_fail,E0277\n// here we declare the Foo trait with a bar method\ntrait Foo {\n    fn bar(&self);\n}\n\n// we now declare a function which takes an object implementing the Foo trait\nfn some_func<T: Foo>(foo: T) {\n    foo.bar();\n}\n\nfn main() {\n    // we now call the method with the i32 type, which doesn't implement\n    // the Foo trait\n    some_func(5i32); // error: the trait bound `i32 : Foo` is not satisfied\n}\n```\n\nIn order to fix this error, verify that the type you're using does implement\nthe trait. Example:\n\n```\ntrait Foo {\n    fn bar(&self);\n}\n\n// we implement the trait on the i32 type\nimpl Foo for i32 {\n    fn bar(&self) {}\n}\n\nfn some_func<T: Foo>(foo: T) {\n    foo.bar(); // we can now use this method since i32 implements the\n               // Foo trait\n}\n\nfn main() {\n    some_func(5i32); // ok!\n}\n```\n\nOr in a generic context, an erroneous code example would look like:\n\n```compile_fail,E0277\nfn some_func<T>(foo: T) {\n    println!(\"{:?}\", foo); // error: the trait `core::fmt::Debug` is not\n                           //        implemented for the type `T`\n}\n\nfn main() {\n    // We now call the method with the i32 type,\n    // which *does* implement the Debug trait.\n    some_func(5i32);\n}\n```\n\nNote that the error here is in the definition of the generic function. Although\nwe only call it with a parameter that does implement `Debug`, the compiler\nstill rejects the function. It must work with all possible input types. In\norder to make this example compile, we need to restrict the generic type we're\naccepting:\n\n```\nuse std::fmt;\n\n// Restrict the input type to types that implement Debug.\nfn some_func<T: fmt::Debug>(foo: T) {\n    println!(\"{:?}\", foo);\n}\n\nfn main() {\n    // Calling the method is still fine, as i32 implements Debug.\n    some_func(5i32);\n\n    // This would fail to compile now:\n    // struct WithoutDebug;\n    // some_func(WithoutDebug);\n}\n```\n\nRust only looks at the signature of the called function, as such it must\nalready specify all requirements that will be used for every type parameter.\n"},"level":"error","spans":[{"file_name":"lore_for_collection_node\\src\\node.rs","byte_start":1687,"byte_end":1696,"line_start":57,"line_end":57,"column_start":66,"column_end":75,"is_primary":true,"text":[{"text":"            parent.borrow_mut().children.push(Rc::clone_from_ref(&nodes[i]));","highlight_start":66,"highlight_end":75}],"label":"unsatisfied trait bound","suggested_replacement":null,"suggestion_applicability":null,"expansion":null},{"file_name":"lore_for_collection_node\\src\\node.rs","byte_start":1668,"byte_end":1686,"line_start":57,"line_end":57,"column_start":47,"column_end":65,"is_primary":false,"text":[{"text":"            parent.borrow_mut().children.push(Rc::clone_from_ref(&nodes[i]));","highlight_start":47,"highlight_end":65}],"label":"required by a bound introduced by this call","suggested_replacement":null,"suggestion_applicability":null,"expansion":null}],"children":[{"message":"the trait `Clone` is not implemented for `LoreNode<'f>`","code":null,"level":"help","spans":[{"file_name":"lore_for_collection_node\\src\\node.rs","byte_start":116,"byte_end":139,"line_start":8,"line_end":8,"column_start":1,"column_end":24,"is_primary":true,"text":[{"text":"pub struct LoreNode<'f> {","highlight_start":1,"highlight_end":24}],"label":null,"suggested_replacement":null,"suggestion_applicability":null,"expansion":null}],"children":[],"rendered":null},{"message":"the following other types implement trait `CloneToUninit`:\n  ByteStr\n  CStr\n  OsStr\n  Path\n  [T]\n  core::wtf8::Wtf8\n  std::sys::os_str::wtf8::Slice\n  str","code":null,"level":"help","spans":[],"children":[],"rendered":null},{"message":"required for `RefCell<LoreNode<'f>>` to implement `Clone`","code":null,"level":"note","spans":[],"children":[],"rendered":null},{"message":"required for `RefCell<LoreNode<'f>>` to implement `CloneToUninit`","code":null,"level":"note","spans":[],"children":[],"rendered":null},{"message":"required by a bound in `Rc::<T>::clone_from_ref`","code":null,"level":"note","spans":[{"file_name":"C:\\Users\\Admin\\.rustup\\toolchains\\nightly-x86_64-pc-windows-msvc\\lib/rustlib/src/rust\\library\\alloc\\src\\rc.rs","byte_start":45726,"byte_end":45740,"line_start":1306,"line_end":1306,"column_start":12,"column_end":26,"is_primary":false,"text":[{"text":"    pub fn clone_from_ref(value: &T) -> Rc<T> {","highlight_start":12,"highlight_end":26}],"label":"required by a bound in this associated function","suggested_replacement":null,"suggestion_applicability":null,"expansion":null},{"file_name":"C:\\Users\\Admin\\.rustup\\toolchains\\nightly-x86_64-pc-windows-msvc\\lib/rustlib/src/rust\\library\\alloc\\src\\rc.rs","byte_start":45346,"byte_end":45359,"line_start":1293,"line_end":1293,"column_start":18,"column_end":31,"is_primary":true,"text":[{"text":"impl<T: ?Sized + CloneToUninit> Rc<T> {","highlight_start":18,"highlight_end":31}],"label":"required by this bound in `Rc::<T>::clone_from_ref`","suggested_replacement":null,"suggestion_applicability":null,"expansion":null}],"children":[],"rendered":null}],"rendered":"\u001b[1m\u001b[91merror[E0277]\u001b[0m\u001b[1m\u001b[97m: the trait bound `LoreNode<'f>: Clone` is not satisfied\u001b[0m\n    \u001b[1m\u001b[96m--> \u001b[0mlore_for_collection_node\\src\\node.rs:57:66\n     \u001b[1m\u001b[96m|\u001b[0m\n\u001b[1m\u001b[96m  57\u001b[0m \u001b[1m\u001b[96m|\u001b[0m             parent.borrow_mut().children.push(Rc::clone_from_ref(&nodes[i]));\n     \u001b[1m\u001b[96m|\u001b[0m                                               \u001b[1m\u001b[96m------------------\u001b[0m \u001b[1m\u001b[91m^^^^^^^^^\u001b[0m \u001b[1m\u001b[91munsatisfied trait bound\u001b[0m\n     \u001b[1m\u001b[96m|\u001b[0m                                               \u001b[1m\u001b[96m|\u001b[0m\n     \u001b[1m\u001b[96m|\u001b[0m                                               \u001b[1m\u001b[96mrequired by a bound introduced by this call\u001b[0m\n     \u001b[1m\u001b[96m|\u001b[0m\n\u001b[1m\u001b[96mhelp\u001b[0m: the trait `Clone` is not implemented for `LoreNode<'f>`\n    \u001b[1m\u001b[96m--> \u001b[0mlore_for_collection_node\\src\\node.rs:8:1\n     \u001b[1m\u001b[96m|\u001b[0m\n\u001b[1m\u001b[96m   8\u001b[0m \u001b[1m\u001b[96m|\u001b[0m pub struct LoreNode<'f> {\n     \u001b[1m\u001b[96m|\u001b[0m \u001b[1m\u001b[96m^^^^^^^^^^^^^^^^^^^^^^^\u001b[0m\n     \u001b[1m\u001b[96m= \u001b[0m\u001b[1m\u001b[97mhelp\u001b[0m: the following other types implement trait `CloneToUninit`:\n               ByteStr\n               CStr\n               OsStr\n               Path\n               [T]\n               core::wtf8::Wtf8\n               std::sys::os_str::wtf8::Slice\n               str\n     \u001b[1m\u001b[96m= \u001b[0m\u001b[1m\u001b[97mnote\u001b[0m: required for `RefCell<LoreNode<'f>>` to implement `Clone`\n     \u001b[1m\u001b[96m= \u001b[0m\u001b[1m\u001b[97mnote\u001b[0m: required for `RefCell<LoreNode<'f>>` to implement `CloneToUninit`\n\u001b[1m\u001b[92mnote\u001b[0m: required by a bound in `Rc::<T>::clone_from_ref`\n    \u001b[1m\u001b[96m--> \u001b[0mC:\\Users\\Admin\\.rustup\\toolchains\\nightly-x86_64-pc-windows-msvc\\lib/rustlib/src/rust\\library\\alloc\\src\\rc.rs:1293:18\n     \u001b[1m\u001b[96m|\u001b[0m\n\u001b[1m\u001b[96m1293\u001b[0m \u001b[1m\u001b[96m|\u001b[0m impl<T: ?Sized + CloneToUninit> Rc<T> {\n     \u001b[1m\u001b[96m|\u001b[0m                  \u001b[1m\u001b[92m^^^^^^^^^^^^^\u001b[0m \u001b[1m\u001b[92mrequired by this bound in `Rc::<T>::clone_from_ref`\u001b[0m\n\u001b[1m\u001b[96m...\u001b[0m\n\u001b[1m\u001b[96m1306\u001b[0m \u001b[1m\u001b[96m|\u001b[0m     pub fn clone_from_ref(value: &T) -> Rc<T> {\n     \u001b[1m\u001b[96m|\u001b[0m            \u001b[1m\u001b[96m--------------\u001b[0m \u001b[1m\u001b[96mrequired by a bound in this associated function\u001b[0m\n\n"}
{"$message_type":"diagnostic","message":"the trait bound `LoreNode<'f>: Clone` is not satisfied","code":{"code":"E0277","explanation":"You tried to use a type which doesn't implement some trait in a place which\nexpected that trait.\n\nErroneous code example:\n\n```compile_fail,E0277\n// here we declare the Foo trait with a bar method\ntrait Foo {\n    fn bar(&self);\n}\n\n// we now declare a function which takes an object implementing the Foo trait\nfn some_func<T: Foo>(foo: T) {\n    foo.bar();\n}\n\nfn main() {\n    // we now call the method with the i32 type, which doesn't implement\n    // the Foo trait\n    some_func(5i32); // error: the trait bound `i32 : Foo` is not satisfied\n}\n```\n\nIn order to fix this error, verify that the type you're using does implement\nthe trait. Example:\n\n```\ntrait Foo {\n    fn bar(&self);\n}\n\n// we implement the trait on the i32 type\nimpl Foo for i32 {\n    fn bar(&self) {}\n}\n\nfn some_func<T: Foo>(foo: T) {\n    foo.bar(); // we can now use this method since i32 implements the\n               // Foo trait\n}\n\nfn main() {\n    some_func(5i32); // ok!\n}\n```\n\nOr in a generic context, an erroneous code example would look like:\n\n```compile_fail,E0277\nfn some_func<T>(foo: T) {\n    println!(\"{:?}\", foo); // error: the trait `core::fmt::Debug` is not\n                           //        implemented for the type `T`\n}\n\nfn main() {\n    // We now call the method with the i32 type,\n    // which *does* implement the Debug trait.\n    some_func(5i32);\n}\n```\n\nNote that the error here is in the definition of the generic function. Although\nwe only call it with a parameter that does implement `Debug`, the compiler\nstill rejects the function. It must work with all possible input types. In\norder to make this example compile, we need to restrict the generic type we're\naccepting:\n\n```\nuse std::fmt;\n\n// Restrict the input type to types that implement Debug.\nfn some_func<T: fmt::Debug>(foo: T) {\n    println!(\"{:?}\", foo);\n}\n\nfn main() {\n    // Calling the method is still fine, as i32 implements Debug.\n    some_func(5i32);\n\n    // This would fail to compile now:\n    // struct WithoutDebug;\n    // some_func(WithoutDebug);\n}\n```\n\nRust only looks at the signature of the called function, as such it must\nalready specify all requirements that will be used for every type parameter.\n"},"level":"error","spans":[{"file_name":"lore_for_collection_node\\src\\node.rs","byte_start":1803,"byte_end":1812,"line_start":61,"line_end":61,"column_start":53,"column_end":62,"is_primary":true,"text":[{"text":"        stack.push((line.indent, Rc::clone_from_ref(&nodes[i])));","highlight_start":53,"highlight_end":62}],"label":"unsatisfied trait bound","suggested_replacement":null,"suggestion_applicability":null,"expansion":null},{"file_name":"lore_for_collection_node\\src\\node.rs","byte_start":1784,"byte_end":1802,"line_start":61,"line_end":61,"column_start":34,"column_end":52,"is_primary":false,"text":[{"text":"        stack.push((line.indent, Rc::clone_from_ref(&nodes[i])));","highlight_start":34,"highlight_end":52}],"label":"required by a bound introduced by this call","suggested_replacement":null,"suggestion_applicability":null,"expansion":null}],"children":[{"message":"the trait `Clone` is not implemented for `LoreNode<'f>`","code":null,"level":"help","spans":[{"file_name":"lore_for_collection_node\\src\\node.rs","byte_start":116,"byte_end":139,"line_start":8,"line_end":8,"column_start":1,"column_end":24,"is_primary":true,"text":[{"text":"pub struct LoreNode<'f> {","highlight_start":1,"highlight_end":24}],"label":null,"suggested_replacement":null,"suggestion_applicability":null,"expansion":null}],"children":[],"rendered":null},{"message":"the following other types implement trait `CloneToUninit`:\n  ByteStr\n  CStr\n  OsStr\n  Path\n  [T]\n  core::wtf8::Wtf8\n  std::sys::os_str::wtf8::Slice\n  str","code":null,"level":"help","spans":[],"children":[],"rendered":null},{"message":"required for `RefCell<LoreNode<'f>>` to implement `Clone`","code":null,"level":"note","spans":[],"children":[],"rendered":null},{"message":"required for `RefCell<LoreNode<'f>>` to implement `CloneToUninit`","code":null,"level":"note","spans":[],"children":[],"rendered":null},{"message":"required by a bound in `Rc::<T>::clone_from_ref`","code":null,"level":"note","spans":[{"file_name":"C:\\Users\\Admin\\.rustup\\toolchains\\nightly-x86_64-pc-windows-msvc\\lib/rustlib/src/rust\\library\\alloc\\src\\rc.rs","byte_start":45726,"byte_end":45740,"line_start":1306,"line_end":1306,"column_start":12,"column_end":26,"is_primary":false,"text":[{"text":"    pub fn clone_from_ref(value: &T) -> Rc<T> {","highlight_start":12,"highlight_end":26}],"label":"required by a bound in this associated function","suggested_replacement":null,"suggestion_applicability":null,"expansion":null},{"file_name":"C:\\Users\\Admin\\.rustup\\toolchains\\nightly-x86_64-pc-windows-msvc\\lib/rustlib/src/rust\\library\\alloc\\src\\rc.rs","byte_start":45346,"byte_end":45359,"line_start":1293,"line_end":1293,"column_start":18,"column_end":31,"is_primary":true,"text":[{"text":"impl<T: ?Sized + CloneToUninit> Rc<T> {","highlight_start":18,"highlight_end":31}],"label":"required by this bound in `Rc::<T>::clone_from_ref`","suggested_replacement":null,"suggestion_applicability":null,"expansion":null}],"children":[],"rendered":null}],"rendered":"\u001b[1m\u001b[91merror[E0277]\u001b[0m\u001b[1m\u001b[97m: the trait bound `LoreNode<'f>: Clone` is not satisfied\u001b[0m\n    \u001b[1m\u001b[96m--> \u001b[0mlore_for_collection_node\\src\\node.rs:61:53\n     \u001b[1m\u001b[96m|\u001b[0m\n\u001b[1m\u001b[96m  61\u001b[0m \u001b[1m\u001b[96m|\u001b[0m         stack.push((line.indent, Rc::clone_from_ref(&nodes[i])));\n     \u001b[1m\u001b[96m|\u001b[0m                                  \u001b[1m\u001b[96m------------------\u001b[0m \u001b[1m\u001b[91m^^^^^^^^^\u001b[0m \u001b[1m\u001b[91munsatisfied trait bound\u001b[0m\n     \u001b[1m\u001b[96m|\u001b[0m                                  \u001b[1m\u001b[96m|\u001b[0m\n     \u001b[1m\u001b[96m|\u001b[0m                                  \u001b[1m\u001b[96mrequired by a bound introduced by this call\u001b[0m\n     \u001b[1m\u001b[96m|\u001b[0m\n\u001b[1m\u001b[96mhelp\u001b[0m: the trait `Clone` is not implemented for `LoreNode<'f>`\n    \u001b[1m\u001b[96m--> \u001b[0mlore_for_collection_node\\src\\node.rs:8:1\n     \u001b[1m\u001b[96m|\u001b[0m\n\u001b[1m\u001b[96m   8\u001b[0m \u001b[1m\u001b[96m|\u001b[0m pub struct LoreNode<'f> {\n     \u001b[1m\u001b[96m|\u001b[0m \u001b[1m\u001b[96m^^^^^^^^^^^^^^^^^^^^^^^\u001b[0m\n     \u001b[1m\u001b[96m= \u001b[0m\u001b[1m\u001b[97mhelp\u001b[0m: the following other types implement trait `CloneToUninit`:\n               ByteStr\n               CStr\n               OsStr\n               Path\n               [T]\n               core::wtf8::Wtf8\n               std::sys::os_str::wtf8::Slice\n               str\n     \u001b[1m\u001b[96m= \u001b[0m\u001b[1m\u001b[97mnote\u001b[0m: required for `RefCell<LoreNode<'f>>` to implement `Clone`\n     \u001b[1m\u001b[96m= \u001b[0m\u001b[1m\u001b[97mnote\u001b[0m: required for `RefCell<LoreNode<'f>>` to implement `CloneToUninit`\n\u001b[1m\u001b[92mnote\u001b[0m: required by a bound in `Rc::<T>::clone_from_ref`\n    \u001b[1m\u001b[96m--> \u001b[0mC:\\Users\\Admin\\.rustup\\toolchains\\nightly-x86_64-pc-windows-msvc\\lib/rustlib/src/rust\\library\\alloc\\src\\rc.rs:1293:18\n     \u001b[1m\u001b[96m|\u001b[0m\n\u001b[1m\u001b[96m1293\u001b[0m \u001b[1m\u001b[96m|\u001b[0m impl<T: ?Sized + CloneToUninit> Rc<T> {\n     \u001b[1m\u001b[96m|\u001b[0m                  \u001b[1m\u001b[92m^^^^^^^^^^^^^\u001b[0m \u001b[1m\u001b[92mrequired by this bound in `Rc::<T>::clone_from_ref`\u001b[0m\n\u001b[1m\u001b[96m...\u001b[0m\n\u001b[1m\u001b[96m1306\u001b[0m \u001b[1m\u001b[96m|\u001b[0m     pub fn clone_from_ref(value: &T) -> Rc<T> {\n     \u001b[1m\u001b[96m|\u001b[0m            \u001b[1m\u001b[96m--------------\u001b[0m \u001b[1m\u001b[96mrequired by a bound in this associated function\u001b[0m\n\n"}
{"$message_type":"diagnostic","message":"mismatched types","code":{"code":"E0308","explanation":"Expected type did not match the received type.\n\nErroneous code examples:\n\n```compile_fail,E0308\nfn plus_one(x: i32) -> i32 {\n    x + 1\n}\n\nplus_one(\"Not a number\");\n//       ^^^^^^^^^^^^^^ expected `i32`, found `&str`\n\nif \"Not a bool\" {\n// ^^^^^^^^^^^^ expected `bool`, found `&str`\n}\n\nlet x: f32 = \"Not a float\";\n//     ---   ^^^^^^^^^^^^^ expected `f32`, found `&str`\n//     |\n//     expected due to this\n```\n\nThis error occurs when an expression was used in a place where the compiler\nexpected an expression of a different type. It can occur in several cases, the\nmost common being when calling a function and passing an argument which has a\ndifferent type than the matching type in the function declaration.\n"},"level":"error","spans":[{"file_name":"lore_for_collection_node\\src\\node.rs","byte_start":2121,"byte_end":2136,"line_start":74,"line_end":74,"column_start":16,"column_end":31,"is_primary":true,"text":[{"text":"        nodes: top_level_nodes,","highlight_start":16,"highlight_end":31}],"label":"expected `Vec<Rc<RefCell<LoreNode<'_>>>>`, found `Vec<Rc<Rc<RefCell<LoreNode<'_>>>>>`","suggested_replacement":null,"suggestion_applicability":null,"expansion":null},{"file_name":"lore_for_collection_node\\src\\node.rs","byte_start":2026,"byte_end":2055,"line_start":68,"line_end":68,"column_start":34,"column_end":63,"is_primary":false,"text":[{"text":"            top_level_nodes.push(Rc::clone_from_ref(&nodes[i]));","highlight_start":34,"highlight_end":63}],"label":"this argument has type `Rc<Rc<RefCell<LoreNode<'_>>>>`...","suggested_replacement":null,"suggestion_applicability":null,"expansion":null},{"file_name":"lore_for_collection_node\\src\\node.rs","byte_start":2005,"byte_end":2020,"line_start":68,"line_end":68,"column_start":13,"column_end":28,"is_primary":false,"text":[{"text":"            top_level_nodes.push(Rc::clone_from_ref(&nodes[i]));","highlight_start":13,"highlight_end":28}],"label":"... which causes `top_level_nodes` to have type `Vec<Rc<Rc<RefCell<LoreNode<'f>>>>>`","suggested_replacement":null,"suggestion_applicability":null,"expansion":null}],"children":[{"message":"expected struct `Vec<Rc<RefCell<LoreNode<'_>>>>`\n   found struct `Vec<Rc<Rc<RefCell<LoreNode<'f>>>>>`","code":null,"level":"note","spans":[],"children":[],"rendered":null}],"rendered":"\u001b[1m\u001b[91merror[E0308]\u001b[0m\u001b[1m\u001b[97m: mismatched types\u001b[0m\n  \u001b[1m\u001b[96m--> \u001b[0mlore_for_collection_node\\src\\node.rs:74:16\n   \u001b[1m\u001b[96m|\u001b[0m\n\u001b[1m\u001b[96m68\u001b[0m \u001b[1m\u001b[96m|\u001b[0m             top_level_nodes.push(Rc::clone_from_ref(&nodes[i]));\n   \u001b[1m\u001b[96m|\u001b[0m             \u001b[1m\u001b[96m---------------\u001b[0m      \u001b[1m\u001b[96m-----------------------------\u001b[0m \u001b[1m\u001b[96mthis argument has type `Rc<Rc<RefCell<LoreNode<'_>>>>`...\u001b[0m\n   \u001b[1m\u001b[96m|\u001b[0m             \u001b[1m\u001b[96m|\u001b[0m\n   \u001b[1m\u001b[96m|\u001b[0m             \u001b[1m\u001b[96m... which causes `top_level_nodes` to have type `Vec<Rc<Rc<RefCell<LoreNode<'f>>>>>`\u001b[0m\n\u001b[1m\u001b[96m...\u001b[0m\n\u001b[1m\u001b[96m74\u001b[0m \u001b[1m\u001b[96m|\u001b[0m         nodes: top_level_nodes,\n   \u001b[1m\u001b[96m|\u001b[0m                \u001b[1m\u001b[91m^^^^^^^^^^^^^^^\u001b[0m \u001b[1m\u001b[91mexpected `Vec<Rc<RefCell<LoreNode<'_>>>>`, found `Vec<Rc<Rc<RefCell<LoreNode<'_>>>>>`\u001b[0m\n   \u001b[1m\u001b[96m|\u001b[0m\n   \u001b[1m\u001b[96m= \u001b[0m\u001b[1m\u001b[97mnote\u001b[0m: expected struct `Vec<Rc<RefCell<LoreNode<\u001b[1m\u001b[35m'_\u001b[0m>>>>`\n              found struct `Vec<Rc<\u001b[1m\u001b[35mRc\u001b[0m\u001b[1m\u001b[35m<\u001b[0mRefCell<LoreNode<\u001b[1m\u001b[35m'f\u001b[0m>>\u001b[1m\u001b[35m>\u001b[0m>>`\n\n"}
{"$message_type":"diagnostic","message":"aborting due to 5 previous errors","code":null,"level":"error","spans":[],"children":[],"rendered":"\u001b[1m\u001b[91merror\u001b[0m\u001b[1m\u001b[97m: aborting due to 5 previous errors\u001b[0m\n\n"}
{"$message_type":"diagnostic","message":"Some errors have detailed explanations: E0277, E0308.","code":null,"level":"failure-note","spans":[],"children":[],"rendered":"\u001b[1m\u001b[97mSome errors have detailed explanations: E0277, E0308.\u001b[0m\n"}
{"$message_type":"diagnostic","message":"For more information about an error, try `rustc --explain E0277`.","code":null,"level":"failure-note","spans":[],"children":[],"rendered":"\u001b[1m\u001b[97mFor more information about an error, try `rustc --explain E0277`.\u001b[0m\n"}
